<?xml version="1.0" encoding="UTF-8"?>
<testng-results ignored="0" total="2" passed="2" failed="0" skipped="0">
  <reporter-output>
  </reporter-output>
  <suite started-at="2021-11-19T11:42:19 GMT" name="HtmlLinkCheck" finished-at="2021-11-19T11:42:36 GMT" duration-ms="16625">
    <groups>
    </groups>
    <test started-at="2021-11-19T11:42:19 GMT" name="Command line test" finished-at="2021-11-19T11:42:36 GMT" duration-ms="16625">
      <class name="HtmlLinkCheck">
        <test-method signature="checkLinkOk()[pri:0, instance:HtmlLinkCheck@17baae6e]" started-at="2021-11-19T11:42:19 GMT" name="checkLinkOk" finished-at="2021-11-19T11:42:30 GMT" duration-ms="11289" status="PASS">
          <reporter-output>
          </reporter-output>
        </test-method> <!-- checkLinkOk -->
        <test-method signature="openBrowserToCheckRow()[pri:0, instance:HtmlLinkCheck@17baae6e]" started-at="2021-11-19T11:42:30 GMT" name="openBrowserToCheckRow" finished-at="2021-11-19T11:42:36 GMT" duration-ms="5241" status="PASS">
          <reporter-output>
          </reporter-output>
        </test-method> <!-- openBrowserToCheckRow -->
      </class> <!-- HtmlLinkCheck -->
    </test> <!-- Command line test -->
  </suite> <!-- HtmlLinkCheck -->
</testng-results>
